[Fri May 12 19:09:30.516171 2023] [ssl:warn] [pid 23304:tid 424] AH01909: www.example.com:443:0 server certificate does NOT include an ID which matches the server name
[Fri May 12 19:09:30.577808 2023] [ssl:warn] [pid 23304:tid 424] AH01909: www.example.com:443:0 server certificate does NOT include an ID which matches the server name
[Fri May 12 19:09:30.751819 2023] [mpm_winnt:notice] [pid 23304:tid 424] AH00455: Apache/2.4.56 (Win64) OpenSSL/1.1.1t PHP/8.2.4 configured -- resuming normal operations
[Fri May 12 19:09:30.751819 2023] [mpm_winnt:notice] [pid 23304:tid 424] AH00456: Apache Lounge VS16 Server built: Mar  7 2023 13:21:03
[Fri May 12 19:09:30.751819 2023] [core:notice] [pid 23304:tid 424] AH00094: Command line: 'C:\\xampp\\apache\\bin\\httpd.exe -d C:/xampp/apache'
[Fri May 12 19:09:30.767773 2023] [mpm_winnt:notice] [pid 23304:tid 424] AH00418: Parent: Created child process 21312
[Fri May 12 19:09:31.133133 2023] [ssl:warn] [pid 21312:tid 404] AH01909: www.example.com:443:0 server certificate does NOT include an ID which matches the server name
[Fri May 12 19:09:31.203970 2023] [ssl:warn] [pid 21312:tid 404] AH01909: www.example.com:443:0 server certificate does NOT include an ID which matches the server name
[Fri May 12 19:09:31.242896 2023] [mpm_winnt:notice] [pid 21312:tid 404] AH00354: Child: Starting 150 worker threads.
[Fri May 12 20:25:12.614007 2023] [ssl:warn] [pid 15824:tid 452] AH01909: www.example.com:443:0 server certificate does NOT include an ID which matches the server name
[Fri May 12 20:25:12.690046 2023] [ssl:warn] [pid 15824:tid 452] AH01909: www.example.com:443:0 server certificate does NOT include an ID which matches the server name
[Fri May 12 20:25:12.882420 2023] [mpm_winnt:notice] [pid 15824:tid 452] AH00455: Apache/2.4.56 (Win64) OpenSSL/1.1.1t PHP/8.2.4 configured -- resuming normal operations
[Fri May 12 20:25:12.882420 2023] [mpm_winnt:notice] [pid 15824:tid 452] AH00456: Apache Lounge VS16 Server built: Mar  7 2023 13:21:03
[Fri May 12 20:25:12.882420 2023] [core:notice] [pid 15824:tid 452] AH00094: Command line: 'c:\\xampp\\apache\\bin\\httpd.exe -d C:/xampp/apache'
[Fri May 12 20:25:12.893319 2023] [mpm_winnt:notice] [pid 15824:tid 452] AH00418: Parent: Created child process 11304
[Fri May 12 20:25:13.311499 2023] [ssl:warn] [pid 11304:tid 432] AH01909: www.example.com:443:0 server certificate does NOT include an ID which matches the server name
[Fri May 12 20:25:13.376890 2023] [ssl:warn] [pid 11304:tid 432] AH01909: www.example.com:443:0 server certificate does NOT include an ID which matches the server name
[Fri May 12 20:25:13.417703 2023] [mpm_winnt:notice] [pid 11304:tid 432] AH00354: Child: Starting 150 worker threads.
[Fri May 12 20:29:08.439743 2023] [ssl:warn] [pid 16552:tid 400] AH01909: www.example.com:443:0 server certificate does NOT include an ID which matches the server name
[Fri May 12 20:29:08.509153 2023] [core:warn] [pid 16552:tid 400] AH00098: pid file C:/xampp/apache/logs/httpd.pid overwritten -- Unclean shutdown of previous Apache run?
[Fri May 12 20:29:08.514154 2023] [ssl:warn] [pid 16552:tid 400] AH01909: www.example.com:443:0 server certificate does NOT include an ID which matches the server name
[Fri May 12 20:29:08.552733 2023] [mpm_winnt:notice] [pid 16552:tid 400] AH00455: Apache/2.4.56 (Win64) OpenSSL/1.1.1t PHP/8.2.4 configured -- resuming normal operations
[Fri May 12 20:29:08.552733 2023] [mpm_winnt:notice] [pid 16552:tid 400] AH00456: Apache Lounge VS16 Server built: Mar  7 2023 13:21:03
[Fri May 12 20:29:08.552733 2023] [core:notice] [pid 16552:tid 400] AH00094: Command line: 'c:\\xampp\\apache\\bin\\httpd.exe -d C:/xampp/apache'
[Fri May 12 20:29:08.563978 2023] [mpm_winnt:notice] [pid 16552:tid 400] AH00418: Parent: Created child process 17012
[Fri May 12 20:29:08.854027 2023] [ssl:warn] [pid 17012:tid 424] AH01909: www.example.com:443:0 server certificate does NOT include an ID which matches the server name
[Fri May 12 20:29:08.913132 2023] [ssl:warn] [pid 17012:tid 424] AH01909: www.example.com:443:0 server certificate does NOT include an ID which matches the server name
[Fri May 12 20:29:08.953480 2023] [mpm_winnt:notice] [pid 17012:tid 424] AH00354: Child: Starting 150 worker threads.
[Fri May 12 20:48:47.263709 2023] [php:error] [pid 17012:tid 1876] [client ::1:51511] PHP Parse error:  syntax error, unexpected token "<", expecting "->" or "?->" or "{" or "[" in C:\\xampp\\htdocs\\tutorial\\mobile shopee\\index.php on line 7
[Fri May 12 23:13:09.046455 2023] [php:error] [pid 17012:tid 1876] [client ::1:53025] PHP Fatal error:  Uncaught mysqli_sql_exception: Unknown database 'shopee' in C:\\xampp\\htdocs\\Mobile_Shopee-E-Commerce-Website\\database\\DBController.php:18\nStack trace:\n#0 C:\\xampp\\htdocs\\Mobile_Shopee-E-Commerce-Website\\database\\DBController.php(18): mysqli_connect('localhost', 'root', Object(SensitiveParameterValue), 'shopee')\n#1 C:\\xampp\\htdocs\\Mobile_Shopee-E-Commerce-Website\\functions.php(14): DBController->__construct()\n#2 C:\\xampp\\htdocs\\Mobile_Shopee-E-Commerce-Website\\header.php(23): require('C:\\\\xampp\\\\htdocs...')\n#3 C:\\xampp\\htdocs\\Mobile_Shopee-E-Commerce-Website\\index.php(4): include('C:\\\\xampp\\\\htdocs...')\n#4 {main}\n  thrown in C:\\xampp\\htdocs\\Mobile_Shopee-E-Commerce-Website\\database\\DBController.php on line 18
[Fri May 12 23:13:16.110781 2023] [php:error] [pid 17012:tid 1876] [client ::1:53029] PHP Fatal error:  Uncaught mysqli_sql_exception: Unknown database 'shopee' in C:\\xampp\\htdocs\\Mobile_Shopee-E-Commerce-Website\\database\\DBController.php:18\nStack trace:\n#0 C:\\xampp\\htdocs\\Mobile_Shopee-E-Commerce-Website\\database\\DBController.php(18): mysqli_connect('localhost', 'root', Object(SensitiveParameterValue), 'shopee')\n#1 C:\\xampp\\htdocs\\Mobile_Shopee-E-Commerce-Website\\functions.php(14): DBController->__construct()\n#2 C:\\xampp\\htdocs\\Mobile_Shopee-E-Commerce-Website\\header.php(23): require('C:\\\\xampp\\\\htdocs...')\n#3 C:\\xampp\\htdocs\\Mobile_Shopee-E-Commerce-Website\\index.php(4): include('C:\\\\xampp\\\\htdocs...')\n#4 {main}\n  thrown in C:\\xampp\\htdocs\\Mobile_Shopee-E-Commerce-Website\\database\\DBController.php on line 18
[Fri May 12 23:27:29.375668 2023] [ssl:warn] [pid 21528:tid 384] AH01909: www.example.com:443:0 server certificate does NOT include an ID which matches the server name
[Fri May 12 23:27:29.485050 2023] [core:warn] [pid 21528:tid 384] AH00098: pid file C:/xampp/apache/logs/httpd.pid overwritten -- Unclean shutdown of previous Apache run?
[Fri May 12 23:27:29.485050 2023] [ssl:warn] [pid 21528:tid 384] AH01909: www.example.com:443:0 server certificate does NOT include an ID which matches the server name
[Fri May 12 23:27:29.547555 2023] [mpm_winnt:notice] [pid 21528:tid 384] AH00455: Apache/2.4.56 (Win64) OpenSSL/1.1.1t PHP/8.2.4 configured -- resuming normal operations
[Fri May 12 23:27:29.547555 2023] [mpm_winnt:notice] [pid 21528:tid 384] AH00456: Apache Lounge VS16 Server built: Mar  7 2023 13:21:03
[Fri May 12 23:27:29.547555 2023] [core:notice] [pid 21528:tid 384] AH00094: Command line: 'c:\\xampp\\apache\\bin\\httpd.exe -d C:/xampp/apache'
[Fri May 12 23:27:29.563183 2023] [mpm_winnt:notice] [pid 21528:tid 384] AH00418: Parent: Created child process 3184
[Fri May 12 23:27:30.143846 2023] [ssl:warn] [pid 3184:tid 404] AH01909: www.example.com:443:0 server certificate does NOT include an ID which matches the server name
[Fri May 12 23:27:30.270091 2023] [ssl:warn] [pid 3184:tid 404] AH01909: www.example.com:443:0 server certificate does NOT include an ID which matches the server name
[Fri May 12 23:27:30.348844 2023] [mpm_winnt:notice] [pid 3184:tid 404] AH00354: Child: Starting 150 worker threads.
[Fri May 12 23:31:22.692112 2023] [ssl:warn] [pid 23532:tid 416] AH01909: www.example.com:443:0 server certificate does NOT include an ID which matches the server name
[Fri May 12 23:31:22.813974 2023] [core:warn] [pid 23532:tid 416] AH00098: pid file C:/xampp/apache/logs/httpd.pid overwritten -- Unclean shutdown of previous Apache run?
[Fri May 12 23:31:22.820564 2023] [ssl:warn] [pid 23532:tid 416] AH01909: www.example.com:443:0 server certificate does NOT include an ID which matches the server name
[Fri May 12 23:31:22.890045 2023] [mpm_winnt:notice] [pid 23532:tid 416] AH00455: Apache/2.4.56 (Win64) OpenSSL/1.1.1t PHP/8.2.4 configured -- resuming normal operations
[Fri May 12 23:31:22.890045 2023] [mpm_winnt:notice] [pid 23532:tid 416] AH00456: Apache Lounge VS16 Server built: Mar  7 2023 13:21:03
[Fri May 12 23:31:22.890045 2023] [core:notice] [pid 23532:tid 416] AH00094: Command line: 'c:\\xampp\\apache\\bin\\httpd.exe -d C:/xampp/apache'
[Fri May 12 23:31:22.910575 2023] [mpm_winnt:notice] [pid 23532:tid 416] AH00418: Parent: Created child process 14296
[Fri May 12 23:31:23.528806 2023] [ssl:warn] [pid 14296:tid 396] AH01909: www.example.com:443:0 server certificate does NOT include an ID which matches the server name
[Fri May 12 23:31:23.649419 2023] [ssl:warn] [pid 14296:tid 396] AH01909: www.example.com:443:0 server certificate does NOT include an ID which matches the server name
[Fri May 12 23:31:23.730104 2023] [mpm_winnt:notice] [pid 14296:tid 396] AH00354: Child: Starting 150 worker threads.
[Fri May 12 23:32:36.800147 2023] [ssl:warn] [pid 3740:tid 412] AH01909: www.example.com:443:0 server certificate does NOT include an ID which matches the server name
[Fri May 12 23:32:36.909860 2023] [core:warn] [pid 3740:tid 412] AH00098: pid file C:/xampp/apache/logs/httpd.pid overwritten -- Unclean shutdown of previous Apache run?
[Fri May 12 23:32:36.925479 2023] [ssl:warn] [pid 3740:tid 412] AH01909: www.example.com:443:0 server certificate does NOT include an ID which matches the server name
[Fri May 12 23:32:36.989047 2023] [mpm_winnt:notice] [pid 3740:tid 412] AH00455: Apache/2.4.56 (Win64) OpenSSL/1.1.1t PHP/8.2.4 configured -- resuming normal operations
[Fri May 12 23:32:36.989047 2023] [mpm_winnt:notice] [pid 3740:tid 412] AH00456: Apache Lounge VS16 Server built: Mar  7 2023 13:21:03
[Fri May 12 23:32:36.989047 2023] [core:notice] [pid 3740:tid 412] AH00094: Command line: 'c:\\xampp\\apache\\bin\\httpd.exe -d C:/xampp/apache'
[Fri May 12 23:32:36.989047 2023] [mpm_winnt:notice] [pid 3740:tid 412] AH00418: Parent: Created child process 23284
[Fri May 12 23:32:37.552515 2023] [ssl:warn] [pid 23284:tid 400] AH01909: www.example.com:443:0 server certificate does NOT include an ID which matches the server name
[Fri May 12 23:32:37.662161 2023] [ssl:warn] [pid 23284:tid 400] AH01909: www.example.com:443:0 server certificate does NOT include an ID which matches the server name
[Fri May 12 23:32:37.740292 2023] [mpm_winnt:notice] [pid 23284:tid 400] AH00354: Child: Starting 150 worker threads.
[Fri May 12 23:42:24.949098 2023] [ssl:warn] [pid 17048:tid 388] AH01909: www.example.com:443:0 server certificate does NOT include an ID which matches the server name
[Fri May 12 23:42:25.070789 2023] [core:warn] [pid 17048:tid 388] AH00098: pid file C:/xampp/apache/logs/httpd.pid overwritten -- Unclean shutdown of previous Apache run?
[Fri May 12 23:42:25.078022 2023] [ssl:warn] [pid 17048:tid 388] AH01909: www.example.com:443:0 server certificate does NOT include an ID which matches the server name
[Fri May 12 23:42:25.150188 2023] [mpm_winnt:notice] [pid 17048:tid 388] AH00455: Apache/2.4.56 (Win64) OpenSSL/1.1.1t PHP/8.2.4 configured -- resuming normal operations
[Fri May 12 23:42:25.150188 2023] [mpm_winnt:notice] [pid 17048:tid 388] AH00456: Apache Lounge VS16 Server built: Mar  7 2023 13:21:03
[Fri May 12 23:42:25.150188 2023] [core:notice] [pid 17048:tid 388] AH00094: Command line: 'c:\\xampp\\apache\\bin\\httpd.exe -d C:/xampp/apache'
[Fri May 12 23:42:25.166189 2023] [mpm_winnt:notice] [pid 17048:tid 388] AH00418: Parent: Created child process 19236
[Fri May 12 23:42:25.712173 2023] [ssl:warn] [pid 19236:tid 408] AH01909: www.example.com:443:0 server certificate does NOT include an ID which matches the server name
[Fri May 12 23:42:25.816417 2023] [ssl:warn] [pid 19236:tid 408] AH01909: www.example.com:443:0 server certificate does NOT include an ID which matches the server name
[Fri May 12 23:42:25.888425 2023] [mpm_winnt:notice] [pid 19236:tid 408] AH00354: Child: Starting 150 worker threads.
[Fri May 12 23:59:33.380092 2023] [ssl:warn] [pid 10260:tid 380] AH01909: www.example.com:443:0 server certificate does NOT include an ID which matches the server name
[Fri May 12 23:59:33.490493 2023] [core:warn] [pid 10260:tid 380] AH00098: pid file C:/xampp/apache/logs/httpd.pid overwritten -- Unclean shutdown of previous Apache run?
[Fri May 12 23:59:33.506355 2023] [ssl:warn] [pid 10260:tid 380] AH01909: www.example.com:443:0 server certificate does NOT include an ID which matches the server name
[Fri May 12 23:59:33.569410 2023] [mpm_winnt:notice] [pid 10260:tid 380] AH00455: Apache/2.4.56 (Win64) OpenSSL/1.1.1t PHP/8.2.4 configured -- resuming normal operations
[Fri May 12 23:59:33.569410 2023] [mpm_winnt:notice] [pid 10260:tid 380] AH00456: Apache Lounge VS16 Server built: Mar  7 2023 13:21:03
[Fri May 12 23:59:33.569410 2023] [core:notice] [pid 10260:tid 380] AH00094: Command line: 'c:\\xampp\\apache\\bin\\httpd.exe -d C:/xampp/apache'
[Fri May 12 23:59:33.600924 2023] [mpm_winnt:notice] [pid 10260:tid 380] AH00418: Parent: Created child process 12764
[Fri May 12 23:59:34.153808 2023] [ssl:warn] [pid 12764:tid 396] AH01909: www.example.com:443:0 server certificate does NOT include an ID which matches the server name
[Fri May 12 23:59:34.248749 2023] [ssl:warn] [pid 12764:tid 396] AH01909: www.example.com:443:0 server certificate does NOT include an ID which matches the server name
[Fri May 12 23:59:34.311881 2023] [mpm_winnt:notice] [pid 12764:tid 396] AH00354: Child: Starting 150 worker threads.
[Sat May 13 00:05:53.216157 2023] [ssl:warn] [pid 11588:tid 388] AH01909: www.example.com:443:0 server certificate does NOT include an ID which matches the server name
[Sat May 13 00:05:53.341909 2023] [core:warn] [pid 11588:tid 388] AH00098: pid file C:/xampp/apache/logs/httpd.pid overwritten -- Unclean shutdown of previous Apache run?
[Sat May 13 00:05:53.341909 2023] [ssl:warn] [pid 11588:tid 388] AH01909: www.example.com:443:0 server certificate does NOT include an ID which matches the server name
[Sat May 13 00:05:53.404534 2023] [mpm_winnt:notice] [pid 11588:tid 388] AH00455: Apache/2.4.56 (Win64) OpenSSL/1.1.1t PHP/8.2.4 configured -- resuming normal operations
[Sat May 13 00:05:53.404534 2023] [mpm_winnt:notice] [pid 11588:tid 388] AH00456: Apache Lounge VS16 Server built: Mar  7 2023 13:21:03
[Sat May 13 00:05:53.404534 2023] [core:notice] [pid 11588:tid 388] AH00094: Command line: 'c:\\xampp\\apache\\bin\\httpd.exe -d C:/xampp/apache'
[Sat May 13 00:05:53.420160 2023] [mpm_winnt:notice] [pid 11588:tid 388] AH00418: Parent: Created child process 11640
[Sat May 13 00:05:53.984056 2023] [ssl:warn] [pid 11640:tid 404] AH01909: www.example.com:443:0 server certificate does NOT include an ID which matches the server name
[Sat May 13 00:05:54.077812 2023] [ssl:warn] [pid 11640:tid 404] AH01909: www.example.com:443:0 server certificate does NOT include an ID which matches the server name
[Sat May 13 00:05:54.140539 2023] [mpm_winnt:notice] [pid 11640:tid 404] AH00354: Child: Starting 150 worker threads.
[Sat May 13 00:15:42.152173 2023] [ssl:warn] [pid 18428:tid 216] AH01909: www.example.com:443:0 server certificate does NOT include an ID which matches the server name
[Sat May 13 00:15:42.261813 2023] [core:warn] [pid 18428:tid 216] AH00098: pid file C:/xampp/apache/logs/httpd.pid overwritten -- Unclean shutdown of previous Apache run?
[Sat May 13 00:15:42.261813 2023] [ssl:warn] [pid 18428:tid 216] AH01909: www.example.com:443:0 server certificate does NOT include an ID which matches the server name
[Sat May 13 00:15:42.353864 2023] [mpm_winnt:notice] [pid 18428:tid 216] AH00455: Apache/2.4.56 (Win64) OpenSSL/1.1.1t PHP/8.2.4 configured -- resuming normal operations
[Sat May 13 00:15:42.353864 2023] [mpm_winnt:notice] [pid 18428:tid 216] AH00456: Apache Lounge VS16 Server built: Mar  7 2023 13:21:03
[Sat May 13 00:15:42.353864 2023] [core:notice] [pid 18428:tid 216] AH00094: Command line: 'c:\\xampp\\apache\\bin\\httpd.exe -d C:/xampp/apache'
[Sat May 13 00:15:42.370121 2023] [mpm_winnt:notice] [pid 18428:tid 216] AH00418: Parent: Created child process 3340
[Sat May 13 00:15:42.927258 2023] [ssl:warn] [pid 3340:tid 404] AH01909: www.example.com:443:0 server certificate does NOT include an ID which matches the server name
[Sat May 13 00:15:43.014238 2023] [ssl:warn] [pid 3340:tid 404] AH01909: www.example.com:443:0 server certificate does NOT include an ID which matches the server name
[Sat May 13 00:15:43.082768 2023] [mpm_winnt:notice] [pid 3340:tid 404] AH00354: Child: Starting 150 worker threads.
[Sat May 13 00:42:32.810561 2023] [ssl:warn] [pid 20328:tid 396] AH01909: www.example.com:443:0 server certificate does NOT include an ID which matches the server name
[Sat May 13 00:42:32.920403 2023] [core:warn] [pid 20328:tid 396] AH00098: pid file C:/xampp/apache/logs/httpd.pid overwritten -- Unclean shutdown of previous Apache run?
[Sat May 13 00:42:32.920403 2023] [ssl:warn] [pid 20328:tid 396] AH01909: www.example.com:443:0 server certificate does NOT include an ID which matches the server name
[Sat May 13 00:42:32.998897 2023] [mpm_winnt:notice] [pid 20328:tid 396] AH00455: Apache/2.4.56 (Win64) OpenSSL/1.1.1t PHP/8.2.4 configured -- resuming normal operations
[Sat May 13 00:42:32.998897 2023] [mpm_winnt:notice] [pid 20328:tid 396] AH00456: Apache Lounge VS16 Server built: Mar  7 2023 13:21:03
[Sat May 13 00:42:32.998897 2023] [core:notice] [pid 20328:tid 396] AH00094: Command line: 'c:\\xampp\\apache\\bin\\httpd.exe -d C:/xampp/apache'
[Sat May 13 00:42:33.045677 2023] [mpm_winnt:notice] [pid 20328:tid 396] AH00418: Parent: Created child process 18408
[Sat May 13 00:42:33.615001 2023] [ssl:warn] [pid 18408:tid 420] AH01909: www.example.com:443:0 server certificate does NOT include an ID which matches the server name
[Sat May 13 00:42:33.702903 2023] [ssl:warn] [pid 18408:tid 420] AH01909: www.example.com:443:0 server certificate does NOT include an ID which matches the server name
[Sat May 13 00:42:33.765190 2023] [mpm_winnt:notice] [pid 18408:tid 420] AH00354: Child: Starting 150 worker threads.
[Sat May 13 00:52:28.466253 2023] [ssl:warn] [pid 12608:tid 380] AH01909: www.example.com:443:0 server certificate does NOT include an ID which matches the server name
[Sat May 13 00:52:28.575742 2023] [core:warn] [pid 12608:tid 380] AH00098: pid file C:/xampp/apache/logs/httpd.pid overwritten -- Unclean shutdown of previous Apache run?
[Sat May 13 00:52:28.575742 2023] [ssl:warn] [pid 12608:tid 380] AH01909: www.example.com:443:0 server certificate does NOT include an ID which matches the server name
[Sat May 13 00:52:28.669793 2023] [mpm_winnt:notice] [pid 12608:tid 380] AH00455: Apache/2.4.56 (Win64) OpenSSL/1.1.1t PHP/8.2.4 configured -- resuming normal operations
[Sat May 13 00:52:28.669793 2023] [mpm_winnt:notice] [pid 12608:tid 380] AH00456: Apache Lounge VS16 Server built: Mar  7 2023 13:21:03
[Sat May 13 00:52:28.669793 2023] [core:notice] [pid 12608:tid 380] AH00094: Command line: 'c:\\xampp\\apache\\bin\\httpd.exe -d C:/xampp/apache'
[Sat May 13 00:52:28.685151 2023] [mpm_winnt:notice] [pid 12608:tid 380] AH00418: Parent: Created child process 15944
[Sat May 13 00:52:29.234307 2023] [ssl:warn] [pid 15944:tid 436] AH01909: www.example.com:443:0 server certificate does NOT include an ID which matches the server name
[Sat May 13 00:52:29.343685 2023] [ssl:warn] [pid 15944:tid 436] AH01909: www.example.com:443:0 server certificate does NOT include an ID which matches the server name
[Sat May 13 00:52:29.406189 2023] [mpm_winnt:notice] [pid 15944:tid 436] AH00354: Child: Starting 150 worker threads.
[Sat May 13 01:02:17.158831 2023] [ssl:warn] [pid 11512:tid 396] AH01909: www.example.com:443:0 server certificate does NOT include an ID which matches the server name
[Sat May 13 01:02:17.268214 2023] [core:warn] [pid 11512:tid 396] AH00098: pid file C:/xampp/apache/logs/httpd.pid overwritten -- Unclean shutdown of previous Apache run?
[Sat May 13 01:02:17.268214 2023] [ssl:warn] [pid 11512:tid 396] AH01909: www.example.com:443:0 server certificate does NOT include an ID which matches the server name
[Sat May 13 01:02:17.330718 2023] [mpm_winnt:notice] [pid 11512:tid 396] AH00455: Apache/2.4.56 (Win64) OpenSSL/1.1.1t PHP/8.2.4 configured -- resuming normal operations
[Sat May 13 01:02:17.330718 2023] [mpm_winnt:notice] [pid 11512:tid 396] AH00456: Apache Lounge VS16 Server built: Mar  7 2023 13:21:03
[Sat May 13 01:02:17.330718 2023] [core:notice] [pid 11512:tid 396] AH00094: Command line: 'c:\\xampp\\apache\\bin\\httpd.exe -d C:/xampp/apache'
[Sat May 13 01:02:17.346376 2023] [mpm_winnt:notice] [pid 11512:tid 396] AH00418: Parent: Created child process 12608
[Sat May 13 01:02:17.864082 2023] [ssl:warn] [pid 12608:tid 376] AH01909: www.example.com:443:0 server certificate does NOT include an ID which matches the server name
[Sat May 13 01:02:17.972533 2023] [ssl:warn] [pid 12608:tid 376] AH01909: www.example.com:443:0 server certificate does NOT include an ID which matches the server name
[Sat May 13 01:02:18.035033 2023] [mpm_winnt:notice] [pid 12608:tid 376] AH00354: Child: Starting 150 worker threads.
[Sat May 13 01:08:06.307541 2023] [ssl:warn] [pid 13452:tid 392] AH01909: www.example.com:443:0 server certificate does NOT include an ID which matches the server name
[Sat May 13 01:08:06.398226 2023] [core:warn] [pid 13452:tid 392] AH00098: pid file C:/xampp/apache/logs/httpd.pid overwritten -- Unclean shutdown of previous Apache run?
[Sat May 13 01:08:06.413852 2023] [ssl:warn] [pid 13452:tid 392] AH01909: www.example.com:443:0 server certificate does NOT include an ID which matches the server name
[Sat May 13 01:08:06.476356 2023] [mpm_winnt:notice] [pid 13452:tid 392] AH00455: Apache/2.4.56 (Win64) OpenSSL/1.1.1t PHP/8.2.4 configured -- resuming normal operations
[Sat May 13 01:08:06.476356 2023] [mpm_winnt:notice] [pid 13452:tid 392] AH00456: Apache Lounge VS16 Server built: Mar  7 2023 13:21:03
[Sat May 13 01:08:06.476356 2023] [core:notice] [pid 13452:tid 392] AH00094: Command line: 'c:\\xampp\\apache\\bin\\httpd.exe -d C:/xampp/apache'
[Sat May 13 01:08:06.491982 2023] [mpm_winnt:notice] [pid 13452:tid 392] AH00418: Parent: Created child process 22892
[Sat May 13 01:08:07.102228 2023] [ssl:warn] [pid 22892:tid 436] AH01909: www.example.com:443:0 server certificate does NOT include an ID which matches the server name
[Sat May 13 01:08:07.243137 2023] [ssl:warn] [pid 22892:tid 436] AH01909: www.example.com:443:0 server certificate does NOT include an ID which matches the server name
[Sat May 13 01:08:07.305670 2023] [mpm_winnt:notice] [pid 22892:tid 436] AH00354: Child: Starting 150 worker threads.
[Sat May 13 01:46:14.097161 2023] [php:error] [pid 22892:tid 1884] [client ::1:64397] PHP Fatal error:  Uncaught mysqli_sql_exception: Commands out of sync; you can't run this command now in C:\\xampp\\htdocs\\Mobile_Shopee-E-Commerce-Website\\database\\Product.php:16\nStack trace:\n#0 C:\\xampp\\htdocs\\Mobile_Shopee-E-Commerce-Website\\database\\Product.php(16): mysqli->query('SELECT * FROM c...')\n#1 C:\\xampp\\htdocs\\Mobile_Shopee-E-Commerce-Website\\Template\\_cart-template.php(23): Product->getData('cart')\n#2 C:\\xampp\\htdocs\\Mobile_Shopee-E-Commerce-Website\\cart.php(10): include('C:\\\\xampp\\\\htdocs...')\n#3 {main}\n  thrown in C:\\xampp\\htdocs\\Mobile_Shopee-E-Commerce-Website\\database\\Product.php on line 16, referer: http://localhost/Mobile_Shopee-E-Commerce-Website/cart.php
[Sat May 13 01:46:14.097161 2023] [http:error] [pid 22892:tid 1884] [client ::1:64397] AH02429: Response header name 'Location ' contains invalid characters, aborting request, referer: http://localhost/Mobile_Shopee-E-Commerce-Website/cart.php
[Sat May 13 01:46:20.715859 2023] [php:error] [pid 22892:tid 1884] [client ::1:64402] PHP Fatal error:  Uncaught mysqli_sql_exception: Commands out of sync; you can't run this command now in C:\\xampp\\htdocs\\Mobile_Shopee-E-Commerce-Website\\database\\Product.php:16\nStack trace:\n#0 C:\\xampp\\htdocs\\Mobile_Shopee-E-Commerce-Website\\database\\Product.php(16): mysqli->query('SELECT * FROM c...')\n#1 C:\\xampp\\htdocs\\Mobile_Shopee-E-Commerce-Website\\Template\\_cart-template.php(23): Product->getData('cart')\n#2 C:\\xampp\\htdocs\\Mobile_Shopee-E-Commerce-Website\\cart.php(10): include('C:\\\\xampp\\\\htdocs...')\n#3 {main}\n  thrown in C:\\xampp\\htdocs\\Mobile_Shopee-E-Commerce-Website\\database\\Product.php on line 16, referer: http://localhost/Mobile_Shopee-E-Commerce-Website/cart.php
[Sat May 13 01:46:20.715859 2023] [http:error] [pid 22892:tid 1884] [client ::1:64402] AH02429: Response header name 'Location ' contains invalid characters, aborting request, referer: http://localhost/Mobile_Shopee-E-Commerce-Website/cart.php
[Sat May 13 04:26:16.193450 2023] [ssl:warn] [pid 18436:tid 420] AH01909: www.example.com:443:0 server certificate does NOT include an ID which matches the server name
[Sat May 13 04:26:16.319807 2023] [core:warn] [pid 18436:tid 420] AH00098: pid file C:/xampp/apache/logs/httpd.pid overwritten -- Unclean shutdown of previous Apache run?
[Sat May 13 04:26:16.319807 2023] [ssl:warn] [pid 18436:tid 420] AH01909: www.example.com:443:0 server certificate does NOT include an ID which matches the server name
[Sat May 13 04:26:16.430245 2023] [mpm_winnt:notice] [pid 18436:tid 420] AH00455: Apache/2.4.56 (Win64) OpenSSL/1.1.1t PHP/8.2.4 configured -- resuming normal operations
[Sat May 13 04:26:16.430245 2023] [mpm_winnt:notice] [pid 18436:tid 420] AH00456: Apache Lounge VS16 Server built: Mar  7 2023 13:21:03
[Sat May 13 04:26:16.430245 2023] [core:notice] [pid 18436:tid 420] AH00094: Command line: 'c:\\xampp\\apache\\bin\\httpd.exe -d C:/xampp/apache'
[Sat May 13 04:26:16.445924 2023] [mpm_winnt:notice] [pid 18436:tid 420] AH00418: Parent: Created child process 17696
[Sat May 13 04:26:17.082376 2023] [ssl:warn] [pid 17696:tid 396] AH01909: www.example.com:443:0 server certificate does NOT include an ID which matches the server name
[Sat May 13 04:26:17.176353 2023] [ssl:warn] [pid 17696:tid 396] AH01909: www.example.com:443:0 server certificate does NOT include an ID which matches the server name
[Sat May 13 04:26:17.223010 2023] [mpm_winnt:notice] [pid 17696:tid 396] AH00354: Child: Starting 150 worker threads.
[Sat May 13 04:26:25.630942 2023] [php:error] [pid 17696:tid 1916] [client ::1:50030] PHP Fatal error:  Uncaught mysqli_sql_exception: No connection could be made because the target machine actively refused it in C:\\xampp\\htdocs\\Mobile_Shopee-E-Commerce-Website\\database\\DBController.php:18\nStack trace:\n#0 C:\\xampp\\htdocs\\Mobile_Shopee-E-Commerce-Website\\database\\DBController.php(18): mysqli_connect('localhost', 'root', Object(SensitiveParameterValue), 'shopee')\n#1 C:\\xampp\\htdocs\\Mobile_Shopee-E-Commerce-Website\\functions.php(14): DBController->__construct()\n#2 C:\\xampp\\htdocs\\Mobile_Shopee-E-Commerce-Website\\header.php(23): require('C:\\\\xampp\\\\htdocs...')\n#3 C:\\xampp\\htdocs\\Mobile_Shopee-E-Commerce-Website\\index.php(4): include('C:\\\\xampp\\\\htdocs...')\n#4 {main}\n  thrown in C:\\xampp\\htdocs\\Mobile_Shopee-E-Commerce-Website\\database\\DBController.php on line 18
[Sat May 13 05:23:52.357030 2023] [ssl:warn] [pid 8396:tid 420] AH01909: www.example.com:443:0 server certificate does NOT include an ID which matches the server name
[Sat May 13 05:23:52.426266 2023] [core:warn] [pid 8396:tid 420] AH00098: pid file C:/xampp/apache/logs/httpd.pid overwritten -- Unclean shutdown of previous Apache run?
[Sat May 13 05:23:52.426266 2023] [ssl:warn] [pid 8396:tid 420] AH01909: www.example.com:443:0 server certificate does NOT include an ID which matches the server name
[Sat May 13 05:23:52.467189 2023] [mpm_winnt:notice] [pid 8396:tid 420] AH00455: Apache/2.4.56 (Win64) OpenSSL/1.1.1t PHP/8.2.4 configured -- resuming normal operations
[Sat May 13 05:23:52.467189 2023] [mpm_winnt:notice] [pid 8396:tid 420] AH00456: Apache Lounge VS16 Server built: Mar  7 2023 13:21:03
[Sat May 13 05:23:52.467189 2023] [core:notice] [pid 8396:tid 420] AH00094: Command line: 'c:\\xampp\\apache\\bin\\httpd.exe -d C:/xampp/apache'
[Sat May 13 05:23:52.486702 2023] [mpm_winnt:notice] [pid 8396:tid 420] AH00418: Parent: Created child process 12540
[Sat May 13 05:23:52.782877 2023] [ssl:warn] [pid 12540:tid 384] AH01909: www.example.com:443:0 server certificate does NOT include an ID which matches the server name
[Sat May 13 05:23:52.829906 2023] [ssl:warn] [pid 12540:tid 384] AH01909: www.example.com:443:0 server certificate does NOT include an ID which matches the server name
[Sat May 13 05:23:52.876980 2023] [mpm_winnt:notice] [pid 12540:tid 384] AH00354: Child: Starting 150 worker threads.
[Sat May 13 07:44:26.265891 2023] [ssl:warn] [pid 8240:tid 396] AH01909: www.example.com:443:0 server certificate does NOT include an ID which matches the server name
[Sat May 13 07:44:26.319664 2023] [core:warn] [pid 8240:tid 396] AH00098: pid file C:/xampp/apache/logs/httpd.pid overwritten -- Unclean shutdown of previous Apache run?
[Sat May 13 07:44:26.319664 2023] [ssl:warn] [pid 8240:tid 396] AH01909: www.example.com:443:0 server certificate does NOT include an ID which matches the server name
[Sat May 13 07:44:26.371617 2023] [mpm_winnt:notice] [pid 8240:tid 396] AH00455: Apache/2.4.56 (Win64) OpenSSL/1.1.1t PHP/8.2.4 configured -- resuming normal operations
[Sat May 13 07:44:26.371617 2023] [mpm_winnt:notice] [pid 8240:tid 396] AH00456: Apache Lounge VS16 Server built: Mar  7 2023 13:21:03
[Sat May 13 07:44:26.371617 2023] [core:notice] [pid 8240:tid 396] AH00094: Command line: 'c:\\xampp\\apache\\bin\\httpd.exe -d C:/xampp/apache'
[Sat May 13 07:44:26.371617 2023] [mpm_winnt:notice] [pid 8240:tid 396] AH00418: Parent: Created child process 18740
[Sat May 13 07:44:26.685555 2023] [ssl:warn] [pid 18740:tid 384] AH01909: www.example.com:443:0 server certificate does NOT include an ID which matches the server name
[Sat May 13 07:44:26.756305 2023] [ssl:warn] [pid 18740:tid 384] AH01909: www.example.com:443:0 server certificate does NOT include an ID which matches the server name
[Sat May 13 07:44:26.797347 2023] [mpm_winnt:notice] [pid 18740:tid 384] AH00354: Child: Starting 150 worker threads.
[Sat May 13 07:55:48.793195 2023] [ssl:warn] [pid 15160:tid 400] AH01909: www.example.com:443:0 server certificate does NOT include an ID which matches the server name
[Sat May 13 07:55:48.843089 2023] [core:warn] [pid 15160:tid 400] AH00098: pid file C:/xampp/apache/logs/httpd.pid overwritten -- Unclean shutdown of previous Apache run?
[Sat May 13 07:55:48.857706 2023] [ssl:warn] [pid 15160:tid 400] AH01909: www.example.com:443:0 server certificate does NOT include an ID which matches the server name
[Sat May 13 07:55:48.887543 2023] [mpm_winnt:notice] [pid 15160:tid 400] AH00455: Apache/2.4.56 (Win64) OpenSSL/1.1.1t PHP/8.2.4 configured -- resuming normal operations
[Sat May 13 07:55:48.887543 2023] [mpm_winnt:notice] [pid 15160:tid 400] AH00456: Apache Lounge VS16 Server built: Mar  7 2023 13:21:03
[Sat May 13 07:55:48.887543 2023] [core:notice] [pid 15160:tid 400] AH00094: Command line: 'c:\\xampp\\apache\\bin\\httpd.exe -d C:/xampp/apache'
[Sat May 13 07:55:48.904183 2023] [mpm_winnt:notice] [pid 15160:tid 400] AH00418: Parent: Created child process 2904
[Sat May 13 07:55:49.185921 2023] [ssl:warn] [pid 2904:tid 424] AH01909: www.example.com:443:0 server certificate does NOT include an ID which matches the server name
[Sat May 13 07:55:49.248528 2023] [ssl:warn] [pid 2904:tid 424] AH01909: www.example.com:443:0 server certificate does NOT include an ID which matches the server name
[Sat May 13 07:55:49.283385 2023] [mpm_winnt:notice] [pid 2904:tid 424] AH00354: Child: Starting 150 worker threads.
[Sat May 13 08:11:54.970493 2023] [ssl:warn] [pid 10856:tid 392] AH01909: www.example.com:443:0 server certificate does NOT include an ID which matches the server name
[Sat May 13 08:11:55.014797 2023] [core:warn] [pid 10856:tid 392] AH00098: pid file C:/xampp/apache/logs/httpd.pid overwritten -- Unclean shutdown of previous Apache run?
[Sat May 13 08:11:55.030423 2023] [ssl:warn] [pid 10856:tid 392] AH01909: www.example.com:443:0 server certificate does NOT include an ID which matches the server name
[Sat May 13 08:11:55.061676 2023] [mpm_winnt:notice] [pid 10856:tid 392] AH00455: Apache/2.4.56 (Win64) OpenSSL/1.1.1t PHP/8.2.4 configured -- resuming normal operations
[Sat May 13 08:11:55.061676 2023] [mpm_winnt:notice] [pid 10856:tid 392] AH00456: Apache Lounge VS16 Server built: Mar  7 2023 13:21:03
[Sat May 13 08:11:55.061676 2023] [core:notice] [pid 10856:tid 392] AH00094: Command line: 'c:\\xampp\\apache\\bin\\httpd.exe -d C:/xampp/apache'
[Sat May 13 08:11:55.070701 2023] [mpm_winnt:notice] [pid 10856:tid 392] AH00418: Parent: Created child process 9424
[Sat May 13 08:11:55.345274 2023] [ssl:warn] [pid 9424:tid 380] AH01909: www.example.com:443:0 server certificate does NOT include an ID which matches the server name
[Sat May 13 08:11:55.407772 2023] [ssl:warn] [pid 9424:tid 380] AH01909: www.example.com:443:0 server certificate does NOT include an ID which matches the server name
[Sat May 13 08:11:55.439028 2023] [mpm_winnt:notice] [pid 9424:tid 380] AH00354: Child: Starting 150 worker threads.
[Sat May 13 08:12:06.164647 2023] [php:error] [pid 9424:tid 1916] [client ::1:57386] PHP Fatal error:  Uncaught mysqli_sql_exception: No connection could be made because the target machine actively refused it in C:\\xampp\\htdocs\\Mobile_Shopee-E-Commerce-Website\\database\\DBController.php:18\nStack trace:\n#0 C:\\xampp\\htdocs\\Mobile_Shopee-E-Commerce-Website\\database\\DBController.php(18): mysqli_connect('localhost', 'root', Object(SensitiveParameterValue), 'shopee')\n#1 C:\\xampp\\htdocs\\Mobile_Shopee-E-Commerce-Website\\functions.php(14): DBController->__construct()\n#2 C:\\xampp\\htdocs\\Mobile_Shopee-E-Commerce-Website\\header.php(23): require('C:\\\\xampp\\\\htdocs...')\n#3 C:\\xampp\\htdocs\\Mobile_Shopee-E-Commerce-Website\\index.php(4): include('C:\\\\xampp\\\\htdocs...')\n#4 {main}\n  thrown in C:\\xampp\\htdocs\\Mobile_Shopee-E-Commerce-Website\\database\\DBController.php on line 18
[Sat May 13 08:12:19.817114 2023] [php:error] [pid 9424:tid 1916] [client ::1:57389] PHP Fatal error:  Uncaught mysqli_sql_exception: No connection could be made because the target machine actively refused it in C:\\xampp\\htdocs\\Mobile_Shopee-E-Commerce-Website\\database\\DBController.php:18\nStack trace:\n#0 C:\\xampp\\htdocs\\Mobile_Shopee-E-Commerce-Website\\database\\DBController.php(18): mysqli_connect('localhost', 'root', Object(SensitiveParameterValue), 'shopee')\n#1 C:\\xampp\\htdocs\\Mobile_Shopee-E-Commerce-Website\\functions.php(14): DBController->__construct()\n#2 C:\\xampp\\htdocs\\Mobile_Shopee-E-Commerce-Website\\header.php(23): require('C:\\\\xampp\\\\htdocs...')\n#3 C:\\xampp\\htdocs\\Mobile_Shopee-E-Commerce-Website\\index.php(4): include('C:\\\\xampp\\\\htdocs...')\n#4 {main}\n  thrown in C:\\xampp\\htdocs\\Mobile_Shopee-E-Commerce-Website\\database\\DBController.php on line 18
[Sat May 13 08:12:26.533265 2023] [php:error] [pid 9424:tid 1916] [client ::1:57389] PHP Fatal error:  Uncaught mysqli_sql_exception: No connection could be made because the target machine actively refused it in C:\\xampp\\htdocs\\Mobile_Shopee-E-Commerce-Website\\database\\DBController.php:18\nStack trace:\n#0 C:\\xampp\\htdocs\\Mobile_Shopee-E-Commerce-Website\\database\\DBController.php(18): mysqli_connect('localhost', 'root', Object(SensitiveParameterValue), 'shopee')\n#1 C:\\xampp\\htdocs\\Mobile_Shopee-E-Commerce-Website\\functions.php(14): DBController->__construct()\n#2 C:\\xampp\\htdocs\\Mobile_Shopee-E-Commerce-Website\\header.php(23): require('C:\\\\xampp\\\\htdocs...')\n#3 C:\\xampp\\htdocs\\Mobile_Shopee-E-Commerce-Website\\index.php(4): include('C:\\\\xampp\\\\htdocs...')\n#4 {main}\n  thrown in C:\\xampp\\htdocs\\Mobile_Shopee-E-Commerce-Website\\database\\DBController.php on line 18
[Sat May 13 08:13:48.672198 2023] [ssl:warn] [pid 20016:tid 428] AH01909: www.example.com:443:0 server certificate does NOT include an ID which matches the server name
[Sat May 13 08:13:48.734789 2023] [core:warn] [pid 20016:tid 428] AH00098: pid file C:/xampp/apache/logs/httpd.pid overwritten -- Unclean shutdown of previous Apache run?
[Sat May 13 08:13:48.737789 2023] [ssl:warn] [pid 20016:tid 428] AH01909: www.example.com:443:0 server certificate does NOT include an ID which matches the server name
[Sat May 13 08:13:48.782191 2023] [mpm_winnt:notice] [pid 20016:tid 428] AH00455: Apache/2.4.56 (Win64) OpenSSL/1.1.1t PHP/8.2.4 configured -- resuming normal operations
[Sat May 13 08:13:48.782191 2023] [mpm_winnt:notice] [pid 20016:tid 428] AH00456: Apache Lounge VS16 Server built: Mar  7 2023 13:21:03
[Sat May 13 08:13:48.782191 2023] [core:notice] [pid 20016:tid 428] AH00094: Command line: 'c:\\xampp\\apache\\bin\\httpd.exe -d C:/xampp/apache'
[Sat May 13 08:13:48.790584 2023] [mpm_winnt:notice] [pid 20016:tid 428] AH00418: Parent: Created child process 1788
[Sat May 13 08:13:49.118774 2023] [ssl:warn] [pid 1788:tid 404] AH01909: www.example.com:443:0 server certificate does NOT include an ID which matches the server name
[Sat May 13 08:13:49.179413 2023] [ssl:warn] [pid 1788:tid 404] AH01909: www.example.com:443:0 server certificate does NOT include an ID which matches the server name
[Sat May 13 08:13:49.225644 2023] [mpm_winnt:notice] [pid 1788:tid 404] AH00354: Child: Starting 150 worker threads.
[Sat May 13 08:34:03.111475 2023] [ssl:warn] [pid 5032:tid 380] AH01909: www.example.com:443:0 server certificate does NOT include an ID which matches the server name
[Sat May 13 08:34:03.237826 2023] [core:warn] [pid 5032:tid 380] AH00098: pid file C:/xampp/apache/logs/httpd.pid overwritten -- Unclean shutdown of previous Apache run?
[Sat May 13 08:34:03.237826 2023] [ssl:warn] [pid 5032:tid 380] AH01909: www.example.com:443:0 server certificate does NOT include an ID which matches the server name
[Sat May 13 08:34:03.300792 2023] [mpm_winnt:notice] [pid 5032:tid 380] AH00455: Apache/2.4.56 (Win64) OpenSSL/1.1.1t PHP/8.2.4 configured -- resuming normal operations
[Sat May 13 08:34:03.300792 2023] [mpm_winnt:notice] [pid 5032:tid 380] AH00456: Apache Lounge VS16 Server built: Mar  7 2023 13:21:03
[Sat May 13 08:34:03.300792 2023] [core:notice] [pid 5032:tid 380] AH00094: Command line: 'c:\\xampp\\apache\\bin\\httpd.exe -d C:/xampp/apache'
[Sat May 13 08:34:03.316445 2023] [mpm_winnt:notice] [pid 5032:tid 380] AH00418: Parent: Created child process 20000
[Sat May 13 08:34:03.929671 2023] [ssl:warn] [pid 20000:tid 408] AH01909: www.example.com:443:0 server certificate does NOT include an ID which matches the server name
[Sat May 13 08:34:04.039686 2023] [ssl:warn] [pid 20000:tid 408] AH01909: www.example.com:443:0 server certificate does NOT include an ID which matches the server name
[Sat May 13 08:34:04.118500 2023] [mpm_winnt:notice] [pid 20000:tid 408] AH00354: Child: Starting 150 worker threads.
